<?xml version="1.0" encoding="UTF-8"?>
<testng-results ignored="0" total="1" passed="1" failed="0" skipped="0">
  <reporter-output>
  </reporter-output>
  <suite started-at="2023-02-09T00:36:30 IST" name="Default suite" finished-at="2023-02-09T00:36:46 IST" duration-ms="16145">
    <groups>
    </groups>
    <test started-at="2023-02-09T00:36:30 IST" name="Default test" finished-at="2023-02-09T00:36:46 IST" duration-ms="16145">
      <class name="com.ab.testLayer.LoginPageTest">
        <test-method is-config="true" signature="start()[pri:0, instance:com.ab.testLayer.LoginPageTest@6356695f]" started-at="2023-02-09T00:36:30 IST" name="start" finished-at="2023-02-09T00:36:30 IST" duration-ms="383" status="PASS">
          <reporter-output>
          </reporter-output>
        </test-method> <!-- start -->
        <test-method is-config="true" signature="launchApplication()[pri:0, instance:com.ab.testLayer.LoginPageTest@6356695f]" started-at="2023-02-09T00:36:31 IST" name="launchApplication" finished-at="2023-02-09T00:36:41 IST" duration-ms="10655" status="PASS">
          <reporter-output>
          </reporter-output>
        </test-method> <!-- launchApplication -->
        <test-method signature="VerifyLoginCredentials()[pri:0, instance:com.ab.testLayer.LoginPageTest@6356695f]" started-at="2023-02-09T00:36:41 IST" name="VerifyLoginCredentials" finished-at="2023-02-09T00:36:46 IST" duration-ms="4999" status="PASS">
          <reporter-output>
          </reporter-output>
        </test-method> <!-- VerifyLoginCredentials -->
        <test-method is-config="true" signature="tearDown()[pri:0, instance:com.ab.testLayer.LoginPageTest@6356695f]" started-at="2023-02-09T00:36:46 IST" name="tearDown" finished-at="2023-02-09T00:36:46 IST" duration-ms="1" status="PASS">
          <reporter-output>
          </reporter-output>
        </test-method> <!-- tearDown -->
        <test-method is-config="true" signature="end()[pri:0, instance:com.ab.testLayer.LoginPageTest@6356695f]" started-at="2023-02-09T00:36:46 IST" name="end" finished-at="2023-02-09T00:36:46 IST" duration-ms="2" status="PASS">
          <reporter-output>
          </reporter-output>
        </test-method> <!-- end -->
      </class> <!-- com.ab.testLayer.LoginPageTest -->
    </test> <!-- Default test -->
  </suite> <!-- Default suite -->
</testng-results>
